SF:lib/core/network/dio_client.dart
DA:7,1
DA:8,2
DA:14,2
LF:3
LH:3
end_of_record
SF:lib/features/home/data/models/pokemon_list_response.dart
DA:12,5
DA:19,2
DA:20,2
DA:21,2
DA:22,2
DA:23,2
DA:24,2
DA:25,8
DA:29,2
DA:35,2
DA:36,2
DA:37,2
DA:38,2
DA:39,1
DA:43,0
DA:44,0
DA:46,1
DA:47,1
DA:48,1
DA:49,1
DA:50,1
DA:51,5
DA:55,0
DA:57,1
DA:59,5
DA:62,0
DA:66,0
DA:67,0
DA:68,0
DA:69,0
DA:72,1
DA:74,3
DA:75,3
DA:76,3
DA:77,2
DA:85,5
DA:87,4
DA:88,2
DA:89,2
DA:92,0
DA:96,0
DA:97,0
DA:98,0
DA:102,1
DA:103,1
DA:104,1
DA:105,1
DA:109,0
DA:111,0
DA:112,0
DA:114,1
DA:115,3
LF:52
LH:37
end_of_record
SF:lib/features/home/data/models/pokemon_model.dart
DA:26,5
DA:49,0
DA:71,0
DA:72,0
DA:73,0
DA:74,0
DA:75,0
DA:76,0
DA:77,0
DA:78,0
DA:79,0
DA:80,0
DA:81,0
DA:82,0
DA:83,0
DA:84,0
DA:85,0
DA:86,0
DA:87,0
DA:88,0
DA:89,0
DA:90,0
DA:91,0
DA:94,0
DA:96,0
DA:98,4
DA:99,10
DA:100,2
DA:101,2
DA:102,4
DA:103,4
DA:104,2
DA:105,4
DA:106,2
DA:107,2
DA:108,2
DA:109,6
DA:110,2
DA:111,2
DA:112,4
DA:113,4
DA:114,2
DA:115,4
DA:116,8
DA:117,8
DA:118,2
DA:121,0
DA:122,0
DA:123,0
DA:124,0
DA:125,0
DA:126,0
DA:127,0
DA:128,0
DA:129,0
DA:130,0
DA:131,0
DA:132,0
DA:133,0
DA:134,0
DA:135,0
DA:136,0
DA:137,0
DA:138,0
DA:139,0
DA:140,0
DA:141,0
DA:150,1
DA:156,0
DA:161,0
DA:162,0
DA:163,0
DA:164,0
DA:167,0
DA:169,0
DA:171,2
DA:172,3
DA:173,1
DA:174,1
DA:177,0
DA:178,0
DA:179,0
DA:180,0
DA:188,1
DA:193,0
DA:197,0
DA:198,0
DA:199,0
DA:202,0
DA:204,0
DA:206,2
DA:207,1
DA:208,1
DA:211,0
DA:212,0
DA:213,0
DA:221,0
DA:226,0
DA:230,0
DA:231,0
DA:232,0
DA:235,0
DA:237,0
DA:239,0
DA:240,0
DA:241,0
DA:244,0
DA:245,0
DA:246,0
DA:254,0
DA:259,0
DA:263,0
DA:264,0
DA:265,0
DA:268,0
DA:270,0
DA:272,0
DA:273,0
DA:274,0
DA:277,0
DA:278,0
DA:279,0
DA:287,0
DA:292,0
DA:296,0
DA:297,0
DA:298,0
DA:301,0
DA:303,0
DA:305,0
DA:306,0
DA:307,0
DA:310,0
DA:311,0
DA:312,0
DA:322,0
DA:329,0
DA:335,0
DA:336,0
DA:337,0
DA:338,0
DA:339,0
DA:342,0
DA:344,0
DA:346,0
DA:347,0
DA:348,0
DA:349,0
DA:350,0
DA:353,0
DA:354,0
DA:355,0
DA:356,0
DA:357,0
DA:364,1
DA:368,0
DA:371,0
DA:372,0
DA:375,0
DA:377,0
DA:379,2
DA:380,3
DA:383,0
DA:384,0
DA:393,1
DA:399,0
DA:404,0
DA:405,0
DA:406,0
DA:407,0
DA:410,0
DA:412,0
DA:414,2
DA:415,3
DA:416,3
DA:417,3
DA:420,0
DA:421,0
DA:422,0
DA:423,0
DA:437,1
DA:448,0
DA:458,0
DA:459,0
DA:460,0
DA:461,0
DA:462,0
DA:463,0
DA:464,0
DA:465,0
DA:466,0
DA:469,0
DA:471,0
DA:473,2
DA:474,3
DA:475,3
DA:476,3
DA:477,3
DA:478,3
DA:479,6
DA:480,3
DA:481,3
DA:484,0
DA:485,0
DA:486,0
DA:487,0
DA:488,0
DA:489,0
DA:490,0
DA:491,0
DA:492,0
DA:502,1
DA:509,0
DA:515,0
DA:516,0
DA:517,0
DA:518,0
DA:519,0
DA:522,0
DA:524,0
DA:526,2
DA:527,3
DA:528,3
DA:529,3
DA:530,3
DA:533,0
DA:534,0
DA:535,0
DA:536,0
DA:537,0
DA:554,1
DA:569,0
DA:571,0
DA:573,2
DA:574,1
DA:575,1
DA:576,1
DA:577,1
DA:578,1
DA:579,1
DA:580,1
DA:581,1
DA:582,3
DA:583,3
DA:584,3
DA:587,0
DA:588,0
DA:589,0
DA:590,0
DA:591,0
DA:592,0
DA:593,0
DA:594,0
DA:595,0
DA:596,0
DA:597,0
DA:598,0
DA:601,0
DA:614,0
DA:615,0
DA:616,0
DA:617,0
DA:618,0
DA:619,0
DA:620,0
DA:621,0
DA:622,0
DA:623,0
DA:624,0
DA:625,0
DA:634,1
DA:639,0
DA:643,0
DA:644,0
DA:645,0
DA:648,0
DA:650,0
DA:652,2
DA:653,3
DA:654,3
DA:657,0
DA:658,0
DA:659,0
DA:671,1
DA:680,0
DA:688,0
DA:689,0
DA:690,0
DA:691,0
DA:692,0
DA:693,0
DA:694,0
DA:697,0
DA:699,0
DA:701,2
DA:702,1
DA:703,1
DA:704,1
DA:705,1
DA:706,1
DA:707,1
DA:710,0
DA:711,0
DA:712,0
DA:713,0
DA:714,0
DA:715,0
DA:716,0
DA:725,1
DA:731,0
DA:736,0
DA:737,0
DA:738,0
DA:739,0
DA:742,0
DA:744,0
DA:746,2
DA:747,3
DA:748,3
DA:749,3
DA:752,0
DA:753,0
DA:754,0
DA:755,0
DA:769,1
DA:780,0
DA:790,0
DA:791,0
DA:792,0
DA:793,0
DA:794,0
DA:795,0
DA:796,0
DA:797,0
DA:798,0
DA:801,0
DA:803,0
DA:805,2
DA:806,1
DA:807,1
DA:808,1
DA:809,1
DA:810,1
DA:811,1
DA:812,1
DA:813,1
DA:816,0
DA:817,0
DA:818,0
DA:819,0
DA:820,0
DA:821,0
DA:822,0
DA:823,0
DA:824,0
DA:835,1
DA:843,0
DA:850,0
DA:851,0
DA:852,0
DA:853,0
DA:854,0
DA:855,0
DA:858,0
DA:860,0
DA:862,2
DA:863,1
DA:864,1
DA:865,1
DA:866,1
DA:867,1
DA:870,0
DA:871,0
DA:872,0
DA:873,0
DA:874,0
DA:875,0
DA:884,1
DA:890,0
DA:895,0
DA:896,0
DA:897,0
DA:898,0
DA:901,0
DA:903,0
DA:905,2
DA:906,3
DA:907,3
DA:908,3
DA:911,0
DA:912,0
DA:913,0
DA:914,0
DA:922,1
DA:927,0
DA:931,0
DA:932,0
DA:933,0
DA:936,0
DA:938,0
DA:940,2
DA:941,1
DA:942,1
DA:945,0
DA:946,0
DA:947,0
DA:957,1
DA:964,0
DA:970,0
DA:971,0
DA:972,0
DA:973,0
DA:974,0
DA:977,0
DA:979,0
DA:981,2
DA:982,1
DA:983,1
DA:984,1
DA:985,1
DA:988,0
DA:989,0
DA:990,0
DA:991,0
DA:992,0
DA:1000,1
DA:1005,0
DA:1009,0
DA:1010,0
DA:1011,0
DA:1014,0
DA:1016,0
DA:1018,2
DA:1019,3
DA:1020,3
DA:1023,0
DA:1024,0
DA:1025,0
DA:1033,1
DA:1038,0
DA:1042,0
DA:1043,0
DA:1044,0
DA:1047,0
DA:1049,0
DA:1051,2
DA:1052,1
DA:1053,1
DA:1056,0
DA:1057,0
DA:1058,0
DA:1065,1
DA:1069,0
DA:1072,0
DA:1073,0
DA:1076,0
DA:1078,0
DA:1080,2
DA:1081,3
DA:1084,0
DA:1085,0
DA:1094,0
DA:1100,0
DA:1105,0
DA:1106,0
DA:1107,0
DA:1108,0
DA:1111,0
DA:1113,0
DA:1115,0
DA:1116,0
DA:1117,0
DA:1118,0
DA:1121,0
DA:1122,0
DA:1123,0
DA:1124,0
DA:1132,0
DA:1137,0
DA:1141,0
DA:1142,0
DA:1143,0
DA:1146,0
DA:1148,0
DA:1150,0
DA:1151,0
DA:1152,0
DA:1155,0
DA:1156,0
DA:1157,0
LF:490
LH:128
end_of_record
SF:lib/features/home/data/datasources/pokemon_datasource_impl.dart
DA:11,2
DA:13,1
DA:15,2
DA:16,2
DA:19,1
DA:21,3
DA:22,2
LF:7
LH:7
end_of_record
SF:lib/features/home/data/repositories/pokemon_repository_impl.dart
DA:10,2
DA:13,1
DA:15,2
DA:18,1
DA:20,2
LF:5
LH:5
end_of_record
SF:lib/features/home/presentation/cubit/home_cubit.dart
DA:12,6
DA:14,1
DA:16,4
DA:18,2
DA:19,1
DA:23,2
DA:25,0
DA:26,0
DA:27,0
DA:28,0
DA:30,0
DA:35,2
DA:37,3
DA:38,2
DA:40,2
DA:41,1
DA:42,1
DA:43,1
DA:44,1
DA:45,2
DA:49,2
DA:53,1
DA:54,2
DA:57,2
DA:58,2
DA:60,2
LF:26
LH:21
end_of_record
SF:lib/features/home/presentation/cubit/home_state.dart
DA:6,3
DA:8,2
DA:9,2
DA:19,3
DA:21,2
DA:22,4
DA:28,2
DA:30,1
DA:31,2
DA:37,2
DA:39,2
DA:40,4
DA:46,0
LF:13
LH:12
end_of_record
SF:lib/core/utils/app_colors.dart
DA:6,0
DA:10,0
DA:11,2
LF:3
LH:1
end_of_record
SF:lib/features/home/presentation/pages/home_page.dart
DA:13,1
DA:15,1
DA:16,1
DA:22,0
DA:23,0
DA:24,0
DA:26,0
DA:30,1
DA:32,1
DA:33,4
DA:35,4
DA:36,4
DA:37,3
DA:41,1
DA:43,1
DA:44,1
DA:45,1
DA:46,1
DA:48,2
DA:52,1
DA:54,3
DA:55,1
DA:56,1
DA:57,1
DA:59,1
DA:68,0
DA:69,0
DA:70,0
DA:75,1
DA:76,1
DA:77,2
DA:78,1
DA:79,1
DA:80,0
DA:81,0
DA:82,0
DA:88,1
DA:89,1
DA:91,1
DA:98,1
DA:99,0
DA:100,1
DA:101,1
DA:102,0
DA:104,1
DA:105,6
DA:106,1
DA:108,1
DA:109,1
DA:110,0
DA:111,0
LF:51
LH:37
end_of_record
SF:lib/features/home/presentation/widgets/pokemon_list_widget.dart
DA:14,1
DA:21,1
DA:22,1
DA:29,1
DA:31,1
DA:32,3
DA:35,1
DA:37,1
DA:38,2
DA:39,2
DA:40,1
DA:43,0
DA:44,0
DA:45,0
DA:47,0
DA:51,0
DA:52,0
DA:59,1
DA:61,4
DA:63,2
DA:64,0
DA:66,1
DA:67,0
DA:68,0
DA:69,0
DA:73,1
DA:74,1
DA:75,1
DA:76,1
DA:77,1
DA:79,1
DA:80,1
DA:83,1
DA:84,1
DA:89,0
DA:91,0
DA:92,0
DA:100,1
DA:101,1
DA:102,1
DA:103,4
DA:108,2
DA:109,1
DA:110,1
DA:111,6
DA:116,1
DA:118,1
DA:119,0
DA:120,1
DA:121,1
DA:122,1
DA:123,1
DA:125,1
DA:127,1
DA:129,1
DA:130,1
DA:131,1
DA:132,1
DA:136,1
DA:137,1
DA:138,1
DA:139,1
DA:142,0
DA:147,1
DA:148,4
DA:149,2
DA:161,1
DA:166,1
DA:169,1
DA:170,1
DA:171,1
LF:71
LH:56
end_of_record
SF:lib/features/home/presentation/cubit/detail_cubit.dart
DA:10,6
DA:12,1
DA:13,2
DA:15,2
DA:16,2
DA:18,2
LF:6
LH:6
end_of_record
SF:lib/core/utils/enums.dart
DA:25,0
DA:27,0
DA:29,0
DA:31,0
DA:33,0
DA:35,0
DA:37,0
DA:39,0
DA:41,0
DA:43,0
DA:45,0
DA:47,0
DA:49,0
DA:51,0
DA:53,0
DA:55,0
DA:57,0
DA:59,0
DA:61,0
DA:63,0
DA:65,0
DA:70,0
DA:71,0
DA:72,0
DA:74,0
DA:76,0
DA:78,0
DA:80,0
DA:82,0
DA:84,0
DA:86,0
DA:88,0
DA:90,0
DA:92,0
DA:94,0
DA:96,0
DA:98,0
DA:100,0
DA:102,0
DA:104,0
DA:106,0
DA:108,0
DA:144,0
DA:146,0
DA:147,0
DA:148,0
DA:150,0
LF:47
LH:0
end_of_record
SF:lib/features/home/module/home_module.dart
DA:14,1
DA:16,1
DA:17,3
DA:18,5
DA:19,1
DA:20,4
DA:22,1
DA:23,3
DA:25,1
DA:26,3
DA:30,0
DA:33,0
DA:34,0
DA:35,0
DA:37,0
DA:39,0
DA:40,0
LF:17
LH:10
end_of_record
SF:lib/features/home/presentation/pages/detail_page.dart
DA:13,0
DA:15,0
DA:16,0
DA:22,0
DA:24,0
DA:25,0
DA:26,0
DA:27,0
DA:30,0
DA:32,0
DA:33,0
DA:36,0
DA:38,0
DA:39,0
DA:40,0
DA:42,0
DA:43,0
DA:44,0
DA:45,0
DA:46,0
DA:47,0
DA:48,0
DA:49,0
DA:50,0
DA:51,0
DA:57,0
DA:58,0
DA:60,0
DA:67,0
DA:68,0
DA:69,0
DA:70,0
LF:32
LH:0
end_of_record
SF:lib/features/home/presentation/widgets/pokemon_detail_widget.dart
DA:11,0
DA:17,0
DA:19,0
DA:22,0
DA:24,0
DA:25,0
DA:26,0
DA:27,0
DA:28,0
DA:35,0
DA:36,0
DA:42,0
DA:47,0
DA:49,0
DA:50,0
DA:52,0
DA:54,0
DA:55,0
DA:56,0
DA:57,0
DA:58,0
DA:59,0
DA:62,0
DA:63,0
DA:64,0
DA:69,0
DA:70,0
DA:71,0
DA:72,0
DA:73,0
DA:76,0
DA:77,0
DA:78,0
DA:83,0
DA:84,0
DA:85,0
DA:86,0
DA:87,0
DA:90,0
DA:91,0
DA:92,0
DA:97,0
DA:98,0
DA:99,0
DA:100,0
DA:101,0
DA:104,0
DA:105,0
DA:106,0
DA:111,0
DA:112,0
DA:113,0
DA:114,0
DA:115,0
DA:118,0
DA:119,0
DA:120,0
DA:125,0
DA:126,0
DA:127,0
DA:128,0
DA:129,0
DA:132,0
DA:133,0
DA:134,0
DA:135,0
DA:136,0
DA:137,0
DA:138,0
DA:139,0
DA:148,0
DA:149,0
DA:151,0
DA:152,0
DA:153,0
DA:155,0
DA:156,0
DA:158,0
DA:159,0
DA:161,0
DA:166,0
DA:169,0
LF:82
LH:0
end_of_record
SF:lib/main.dart
DA:6,0
DA:7,0
DA:11,2
DA:13,1
DA:15,1
DA:18,1
DA:19,1
DA:21,2
LF:8
LH:6
end_of_record
SF:lib/app_module.dart
DA:7,0
DA:8,0
DA:9,0
DA:12,0
DA:15,0
DA:16,0
LF:6
LH:0
end_of_record
SF:lib/features/splash/module/splash_module.dart
DA:6,0
DA:13,0
DA:15,0
LF:3
LH:0
end_of_record
SF:lib/features/splash/presentation/pages/splash_page.dart
DA:8,1
DA:10,0
DA:11,0
DA:15,0
DA:17,0
DA:18,0
DA:19,0
DA:23,0
DA:25,0
DA:26,0
DA:27,0
DA:28,0
LF:12
LH:1
end_of_record
